<?xml version="1.0" encoding="UTF-8"?>
<!-- Generated by org.testng.reporters.JUnitXMLReporter -->
<testsuite ignored="0" hostname="DESKTOP-D4G0JOA" failures="0" tests="6" name="Surefire test" time="0.094" errors="0" timestamp="2021-09-24T00:12:52 IST">
  <testcase classname="parentmaven.childmaven.AppiumTest" name="ISOApp on ISOApp(parentmaven.childmaven.AppiumTest)" time="0.013"/>
  <testcase classname="parentmaven.childmaven.AppiumTest" name="andriodApp on andriodApp(parentmaven.childmaven.AppiumTest)" time="0.012"/>
  <testcase classname="parentmaven.childmaven.RESTApiTest" name="deleteTwitter on deleteTwitter(parentmaven.childmaven.RESTApiTest)" time="0.0"/>
  <testcase classname="parentmaven.childmaven.RESTApiTest" name="postjira on postjira(parentmaven.childmaven.RESTApiTest)" time="0.001"/>
  <testcase classname="parentmaven.childmaven.SeleniumTest" name="elements on elements(parentmaven.childmaven.SeleniumTest)" time="0.001"/>
  <testcase classname="parentmaven.childmaven.SeleniumTest" name="BrowserAutomation on BrowserAutomation(parentmaven.childmaven.SeleniumTest)" time="0.001"/>
</testsuite> <!-- Surefire test -->
