<?xml version="1.0" encoding="UTF-8"?>
<testng-results ignored="0" total="6" passed="6" failed="0" skipped="0">
  <reporter-output>
  </reporter-output>
  <suite started-at="2021-09-24T00:12:51 IST" name="Surefire suite" finished-at="2021-09-24T00:12:52 IST" duration-ms="94">
    <groups>
    </groups>
    <test started-at="2021-09-24T00:12:51 IST" name="Surefire test" finished-at="2021-09-24T00:12:52 IST" duration-ms="94">
      <class name="parentmaven.childmaven.RESTApiTest">
        <test-method signature="postjira()" started-at="2021-09-24T00:12:52 IST" name="postjira" finished-at="2021-09-24T00:12:52 IST" duration-ms="1" status="PASS">
          <reporter-output>
          </reporter-output>
        </test-method> <!-- postjira -->
        <test-method signature="deleteTwitter()" started-at="2021-09-24T00:12:52 IST" name="deleteTwitter" finished-at="2021-09-24T00:12:52 IST" duration-ms="0" status="PASS">
          <reporter-output>
          </reporter-output>
        </test-method> <!-- deleteTwitter -->
      </class> <!-- parentmaven.childmaven.RESTApiTest -->
      <class name="parentmaven.childmaven.AppiumTest">
        <test-method signature="ISOApp()" started-at="2021-09-24T00:12:52 IST" name="ISOApp" finished-at="2021-09-24T00:12:52 IST" duration-ms="13" status="PASS">
          <reporter-output>
          </reporter-output>
        </test-method> <!-- ISOApp -->
        <test-method signature="andriodApp()" started-at="2021-09-24T00:12:52 IST" name="andriodApp" finished-at="2021-09-24T00:12:52 IST" duration-ms="12" status="PASS">
          <reporter-output>
          </reporter-output>
        </test-method> <!-- andriodApp -->
      </class> <!-- parentmaven.childmaven.AppiumTest -->
      <class name="parentmaven.childmaven.SeleniumTest">
        <test-method signature="BrowserAutomation()" started-at="2021-09-24T00:12:52 IST" name="BrowserAutomation" finished-at="2021-09-24T00:12:52 IST" duration-ms="1" status="PASS">
          <reporter-output>
          </reporter-output>
        </test-method> <!-- BrowserAutomation -->
        <test-method signature="elements()" started-at="2021-09-24T00:12:52 IST" name="elements" finished-at="2021-09-24T00:12:52 IST" duration-ms="1" status="PASS">
          <reporter-output>
          </reporter-output>
        </test-method> <!-- elements -->
      </class> <!-- parentmaven.childmaven.SeleniumTest -->
    </test> <!-- Surefire test -->
  </suite> <!-- Surefire suite -->
</testng-results>
